<?xml version="1.0" encoding="UTF-8"?>
<!-- Generated by org.testng.reporters.JUnitReportReporter -->
<testsuite hostname="manav-HP-15-Notebook-PC" failures="0" tests="7" name="extentReportBasic.DemoExtentReport" time="66.664" errors="0" timestamp="28 Apr 2023 08:20:26 GMT" skipped="0">
  <testcase classname="extentReportBasic.DemoExtentReport" name="TestCase_10" time="5.000"/>
  <testcase classname="extentReportBasic.DemoExtentReport" name="TestCase_100" time="7.771"/>
  <testcase classname="extentReportBasic.DemoExtentReport" name="TestCase_200" time="4.224"/>
  <testcase classname="extentReportBasic.DemoExtentReport" name="TestCase_300" time="14.824"/>
  <testcase classname="extentReportBasic.DemoExtentReport" name="TestCase_350" time="16.889"/>
  <testcase classname="extentReportBasic.DemoExtentReport" name="TestCase_400" time="12.736"/>
  <testcase classname="extentReportBasic.DemoExtentReport" name="TestCase_500" time="5.220"/>
</testsuite> <!-- extentReportBasic.DemoExtentReport -->
