<?xml version="1.0" encoding="UTF-8"?>
<!-- Generated by org.testng.reporters.JUnitReportReporter -->
<testsuite hostname="manav-HP-15-Notebook-PC" failures="0" tests="1" name="MyTestCases.TC_LoginTest_01" time="8.249" errors="0" timestamp="23 Apr 2023 12:53:27 GMT" skipped="0">
  <testcase classname="MyTestCases.TC_LoginTest_01" name="loginTest" time="8.249"/>
</testsuite> <!-- MyTestCases.TC_LoginTest_01 -->
