<?xml version="1.0" encoding="UTF-8"?>
<!-- Generated by org.testng.reporters.JUnitReportReporter -->
<testsuite hostname="manav-HP-15-Notebook-PC" failures="0" tests="1" name="MyTestCases.TC_LoginTest_02" time="7.972" errors="0" timestamp="25 Apr 2023 05:57:57 GMT" skipped="0">
  <testcase classname="MyTestCases.TC_LoginTest_02" name="loginTest" time="7.972"/>
</testsuite> <!-- MyTestCases.TC_LoginTest_02 -->
